422  [main] INFO  c.example.Task17.Task17Application
                – Starting Task17Application using Java 17.0.2 on Stanislav with PID 1980 (C:\Users\samso\JavaPatternMirea\Task17\target\classes started by samso in C:\Users\samso\JavaPatternMirea\Task17)
424  [main] INFO  c.example.Task17.Task17Application
                – No active profile set, falling back to 1 default profile: "default"
727  [main] INFO  o.s.d.r.c.RepositoryConfigurationDelegate
                – Bootstrapping Spring Data JPA repositories in DEFAULT mode.
766  [main] INFO  o.s.d.r.c.RepositoryConfigurationDelegate
                – Finished Spring Data repository scanning in 31 ms. Found 2 JPA repository interfaces.
1214 [main] INFO  o.s.b.w.e.tomcat.TomcatWebServer
                – Tomcat initialized with port(s): 8090 (http)
1222 [main] INFO  o.a.coyote.http11.Http11NioProtocol
                – Initializing ProtocolHandler ["http-nio-8090"]
1222 [main] INFO  o.a.catalina.core.StandardService
                – Starting service [Tomcat]
1222 [main] INFO  o.a.catalina.core.StandardEngine
                – Starting Servlet engine: [Apache Tomcat/9.0.60]
1312 [main] INFO  o.a.c.c.C.[Tomcat].[localhost].[/]
                – Initializing Spring embedded WebApplicationContext
1312 [main] INFO  o.s.b.w.s.c.ServletWebServerApplicationContext
                – Root WebApplicationContext: initialization completed in 859 ms
1422 [main] INFO  o.h.jpa.internal.util.LogHelper
                – HHH000204: Processing PersistenceUnitInfo [name: default]
1471 [main] INFO  org.hibernate.Version
                – HHH000412: Hibernate ORM core version 5.6.7.Final
1611 [main] INFO  o.h.annotations.common.Version
                – HCANN000001: Hibernate Commons Annotations {5.1.2.Final}
1709 [main] INFO  com.zaxxer.hikari.HikariDataSource
                – HikariPool-1 - Starting...
1825 [main] INFO  com.zaxxer.hikari.HikariDataSource
                – HikariPool-1 - Start completed.
1839 [main] INFO  org.hibernate.dialect.Dialect
                – HHH000400: Using dialect: org.hibernate.dialect.PostgreSQL10Dialect
2430 [main] INFO  o.h.e.t.j.p.i.JtaPlatformInitiator
                – HHH000490: Using JtaPlatform implementation: [org.hibernate.engine.transaction.jta.platform.internal.NoJtaPlatform]
2434 [main] INFO  o.s.o.j.LocalContainerEntityManagerFactoryBean
                – Initialized JPA EntityManagerFactory for persistence unit 'default'
2653 [main] WARN  o.s.b.a.o.j.JpaBaseConfiguration$JpaWebConfiguration
                – spring.jpa.open-in-view is enabled by default. Therefore, database queries may be performed during view rendering. Explicitly configure spring.jpa.open-in-view to disable this warning
2809 [main] INFO  o.a.coyote.http11.Http11NioProtocol
                – Starting ProtocolHandler ["http-nio-8090"]
2831 [main] INFO  o.s.b.w.e.tomcat.TomcatWebServer
                – Tomcat started on port(s): 8090 (http) with context path ''
2838 [main] INFO  c.example.Task17.Task17Application
                – Started Task17Application in 2.656 seconds (JVM running for 6.052)
11544 [http-nio-8090-exec-5] INFO  o.a.c.c.C.[Tomcat].[localhost].[/]
                – Initializing Spring DispatcherServlet 'dispatcherServlet'
11545 [http-nio-8090-exec-5] INFO  o.s.web.servlet.DispatcherServlet
                – Initializing Servlet 'dispatcherServlet'
11545 [http-nio-8090-exec-5] INFO  o.s.web.servlet.DispatcherServlet
                – Completed initialization in 0 ms
11558 [http-nio-8090-exec-5] INFO  com.example.Task17.services.GameService
                – Read all games
6235100 [HikariPool-1 housekeeper] WARN  com.zaxxer.hikari.pool.HikariPool
                – HikariPool-1 - Thread starvation or clock leap detected (housekeeper delta=21m21s901ms707µs900ns).
40891869 [HikariPool-1 housekeeper] WARN  com.zaxxer.hikari.pool.HikariPool
                – HikariPool-1 - Thread starvation or clock leap detected (housekeeper delta=9h11m40s800ms6µs700ns).
46734783 [HikariPool-1 housekeeper] WARN  com.zaxxer.hikari.pool.HikariPool
                – HikariPool-1 - Thread starvation or clock leap detected (housekeeper delta=1m50s104ms22µs700ns).
57008421 [HikariPool-1 housekeeper] WARN  com.zaxxer.hikari.pool.HikariPool
                – HikariPool-1 - Thread starvation or clock leap detected (housekeeper delta=7m11s114ms61µs400ns).
77735043 [SpringApplicationShutdownHook] INFO  o.s.o.j.LocalContainerEntityManagerFactoryBean
                – Closing JPA EntityManagerFactory for persistence unit 'default'
77735081 [SpringApplicationShutdownHook] INFO  com.zaxxer.hikari.HikariDataSource
                – HikariPool-1 - Shutdown initiated...
77735113 [SpringApplicationShutdownHook] INFO  com.zaxxer.hikari.HikariDataSource
                – HikariPool-1 - Shutdown completed.
